--------------------------------------------------------
1000000 n_trials used for all
d	 | Vol1_s(d) (estimate)	 | Vol1_s(d) (exact)	 | n_hits 	
--------------------------------------------------------
1	 | 2.00000		 | 2.00000		 | 1000000	
2	 | 3.14142		 | 3.14159		 | 785355	
3	 | 4.18620		 | 4.18879		 | 523275	
4	 | 4.93355		 | 4.93480		 | 308347	
5	 | 5.24803		 | 5.26379		 | 164001	
6	 | 5.19488		 | 5.16771		 | 81170	
7	 | 4.69619		 | 4.72477		 | 36689	
8	 | 4.00973		 | 4.05871		 | 15663	
9	 | 3.33363		 | 3.29851		 | 6511	
10	 | 2.73203		 | 2.55016		 | 2668	
11	 | 1.89850		 | 1.88410		 | 927	
12	 | 1.39674		 | 1.33526		 | 341	
13	 | 0.88474		 | 0.91063		 | 108	
14	 | 0.54067		 | 0.59926		 | 33	
15	 | 0.13107		 | 0.38144		 | 4	
16	 | 0.13107		 | 0.23533		 | 2	
17	 | 0.26214		 | 0.14098		 | 2	
18	 | 0.26214		 | 0.08215		 | 1	
19	 | 0.00000		 | 0.04662		 | 0	
